{"/home/ralex/webProjects/fjedi/http-client/src/index.ts": {"path":"/home/ralex/webProjects/fjedi/http-client/src/index.ts","statementMap":{"0":{"start":{"line":2,"column":0},"end":{"line":2,"column":null}},"1":{"start":{"line":13,"column":0},"end":{"line":13,"column":28}},"2":{"start":{"line":14,"column":0},"end":{"line":14,"column":46}},"3":{"start":{"line":22,"column":14},"end":{"line":22,"column":18}},"4":{"start":{"line":60,"column":22},"end":{"line":66,"column":2}},"5":{"start":{"line":77,"column":2},"end":{"line":77,"column":22}},"6":{"start":{"line":102,"column":8},"end":{"line":102,"column":13}},"7":{"start":{"line":106,"column":8},"end":{"line":106,"column":13}},"8":{"start":{"line":108,"column":33},"end":{"line":108,"column":79}},"9":{"start":{"line":109,"column":4},"end":{"line":111,"column":null}},"10":{"start":{"line":110,"column":6},"end":{"line":110,"column":30}},"11":{"start":{"line":113,"column":19},"end":{"line":113,"column":48}},"12":{"start":{"line":114,"column":15},"end":{"line":114,"column":45}},"13":{"start":{"line":116,"column":4},"end":{"line":116,"column":27}},"14":{"start":{"line":118,"column":4},"end":{"line":118,"column":35}},"15":{"start":{"line":120,"column":4},"end":{"line":121,"column":90}},"16":{"start":{"line":121,"column":81},"end":{"line":121,"column":89}},"17":{"start":{"line":123,"column":4},"end":{"line":160,"column":12}},"18":{"start":{"line":128,"column":14},"end":{"line":128,"column":97}},"19":{"start":{"line":130,"column":14},"end":{"line":133,"column":15}},"20":{"start":{"line":134,"column":31},"end":{"line":134,"column":64}},"21":{"start":{"line":136,"column":14},"end":{"line":139,"column":24}},"22":{"start":{"line":144,"column":16},"end":{"line":144,"column":47}},"23":{"start":{"line":146,"column":12},"end":{"line":159,"column":15}},"24":{"start":{"line":162,"column":44},"end":{"line":174,"column":6}},"25":{"start":{"line":175,"column":4},"end":{"line":177,"column":null}},"26":{"start":{"line":176,"column":6},"end":{"line":176,"column":50}},"27":{"start":{"line":178,"column":4},"end":{"line":180,"column":null}},"28":{"start":{"line":179,"column":6},"end":{"line":179,"column":56}},"29":{"start":{"line":181,"column":4},"end":{"line":183,"column":null}},"30":{"start":{"line":182,"column":6},"end":{"line":182,"column":58}},"31":{"start":{"line":184,"column":4},"end":{"line":203,"column":null}},"32":{"start":{"line":185,"column":42},"end":{"line":185,"column":44}},"33":{"start":{"line":186,"column":6},"end":{"line":189,"column":8}},"34":{"start":{"line":191,"column":24},"end":{"line":191,"column":47}},"35":{"start":{"line":192,"column":6},"end":{"line":194,"column":null}},"36":{"start":{"line":193,"column":8},"end":{"line":193,"column":54}},"37":{"start":{"line":196,"column":24},"end":{"line":196,"column":42}},"38":{"start":{"line":197,"column":6},"end":{"line":201,"column":null}},"39":{"start":{"line":198,"column":39},"end":{"line":198,"column":48}},"40":{"start":{"line":200,"column":8},"end":{"line":200,"column":63}},"41":{"start":{"line":202,"column":6},"end":{"line":202,"column":64}},"42":{"start":{"line":205,"column":4},"end":{"line":205,"column":44}},"43":{"start":{"line":207,"column":4},"end":{"line":217,"column":7}},"44":{"start":{"line":208,"column":6},"end":{"line":216,"column":9}},"45":{"start":{"line":209,"column":25},"end":{"line":215,"column":15}},"46":{"start":{"line":210,"column":10},"end":{"line":214,"column":null}},"47":{"start":{"line":211,"column":12},"end":{"line":211,"column":38}},"48":{"start":{"line":212,"column":12},"end":{"line":212,"column":36}},"49":{"start":{"line":213,"column":12},"end":{"line":213,"column":28}},"50":{"start":{"line":219,"column":4},"end":{"line":360,"column":6}},"51":{"start":{"line":220,"column":25},"end":{"line":310,"column":null}},"52":{"start":{"line":221,"column":8},"end":{"line":221,"column":69}},"53":{"start":{"line":223,"column":8},"end":{"line":225,"column":null}},"54":{"start":{"line":224,"column":10},"end":{"line":224,"column":26}},"55":{"start":{"line":226,"column":8},"end":{"line":231,"column":null}},"56":{"start":{"line":227,"column":28},"end":{"line":227,"column":53}},"57":{"start":{"line":228,"column":10},"end":{"line":230,"column":null}},"58":{"start":{"line":229,"column":12},"end":{"line":229,"column":28}},"59":{"start":{"line":233,"column":43},"end":{"line":240,"column":10}},"60":{"start":{"line":241,"column":50},"end":{"line":241,"column":61}},"61":{"start":{"line":242,"column":28},"end":{"line":242,"column":39}},"62":{"start":{"line":244,"column":32},"end":{"line":244,"column":34}},"63":{"start":{"line":246,"column":8},"end":{"line":259,"column":11}},"64":{"start":{"line":249,"column":12},"end":{"line":251,"column":56}},"65":{"start":{"line":252,"column":10},"end":{"line":258,"column":null}},"66":{"start":{"line":254,"column":12},"end":{"line":254,"column":54}},"67":{"start":{"line":257,"column":12},"end":{"line":257,"column":72}},"68":{"start":{"line":260,"column":8},"end":{"line":267,"column":null}},"69":{"start":{"line":261,"column":10},"end":{"line":264,"column":33}},"70":{"start":{"line":269,"column":30},"end":{"line":282,"column":10}},"71":{"start":{"line":307,"column":8},"end":{"line":307,"column":57}},"72":{"start":{"line":309,"column":8},"end":{"line":309,"column":24}},"73":{"start":{"line":311,"column":32},"end":{"line":359,"column":null}},"74":{"start":{"line":312,"column":8},"end":{"line":312,"column":69}},"75":{"start":{"line":314,"column":8},"end":{"line":317,"column":null}},"76":{"start":{"line":316,"column":10},"end":{"line":316,"column":20}},"77":{"start":{"line":318,"column":8},"end":{"line":323,"column":null}},"78":{"start":{"line":319,"column":28},"end":{"line":319,"column":48}},"79":{"start":{"line":320,"column":10},"end":{"line":322,"column":null}},"80":{"start":{"line":321,"column":12},"end":{"line":321,"column":22}},"81":{"start":{"line":325,"column":43},"end":{"line":332,"column":10}},"82":{"start":{"line":333,"column":61},"end":{"line":333,"column":72}},"83":{"start":{"line":334,"column":27},"end":{"line":347,"column":10}},"84":{"start":{"line":349,"column":8},"end":{"line":349,"column":54}},"85":{"start":{"line":351,"column":8},"end":{"line":356,"column":11}},"86":{"start":{"line":353,"column":10},"end":{"line":355,"column":null}},"87":{"start":{"line":354,"column":12},"end":{"line":354,"column":48}},"88":{"start":{"line":358,"column":8},"end":{"line":358,"column":18}},"89":{"start":{"line":365,"column":4},"end":{"line":367,"column":null}},"90":{"start":{"line":366,"column":6},"end":{"line":366,"column":16}},"91":{"start":{"line":368,"column":4},"end":{"line":370,"column":19}},"92":{"start":{"line":369,"column":18},"end":{"line":369,"column":76}},"93":{"start":{"line":380,"column":58},"end":{"line":380,"column":62}},"94":{"start":{"line":382,"column":6},"end":{"line":382,"column":85}},"95":{"start":{"line":385,"column":27},"end":{"line":385,"column":42}},"96":{"start":{"line":386,"column":4},"end":{"line":422,"column":null}},"97":{"start":{"line":389,"column":6},"end":{"line":396,"column":null}},"98":{"start":{"line":390,"column":8},"end":{"line":390,"column":79}},"99":{"start":{"line":392,"column":20},"end":{"line":392,"column":50}},"100":{"start":{"line":393,"column":8},"end":{"line":395,"column":null}},"101":{"start":{"line":394,"column":10},"end":{"line":394,"column":33}},"102":{"start":{"line":397,"column":48},"end":{"line":397,"column":61}},"103":{"start":{"line":397,"column":26},"end":{"line":397,"column":31}},"104":{"start":{"line":397,"column":43},"end":{"line":397,"column":48}},"105":{"start":{"line":398,"column":44},"end":{"line":402,"column":8}},"106":{"start":{"line":403,"column":6},"end":{"line":405,"column":null}},"107":{"start":{"line":404,"column":8},"end":{"line":404,"column":51}},"108":{"start":{"line":406,"column":6},"end":{"line":410,"column":null}},"109":{"start":{"line":407,"column":8},"end":{"line":407,"column":37}},"110":{"start":{"line":409,"column":8},"end":{"line":409,"column":35}},"111":{"start":{"line":411,"column":18},"end":{"line":411,"column":51}},"112":{"start":{"line":412,"column":27},"end":{"line":412,"column":51}},"113":{"start":{"line":414,"column":6},"end":{"line":418,"column":null}},"114":{"start":{"line":417,"column":8},"end":{"line":417,"column":77}},"115":{"start":{"line":419,"column":6},"end":{"line":419,"column":26}},"116":{"start":{"line":421,"column":6},"end":{"line":421,"column":40}},"117":{"start":{"line":69,"column":0},"end":{"line":69,"column":13}}},"fnMap":{"0":{"name":"(anonymous_9)","decl":{"start":{"line":80,"column":2},"end":{"line":80,"column":14}},"loc":{"start":{"line":80,"column":55},"end":{"line":361,"column":3}}},"1":{"name":"(anonymous_10)","decl":{"start":{"line":121,"column":72},"end":{"line":121,"column":73}},"loc":{"start":{"line":121,"column":81},"end":{"line":121,"column":89}}},"2":{"name":"(anonymous_11)","decl":{"start":{"line":126,"column":10},"end":{"line":126,"column":11}},"loc":{"start":{"line":126,"column":20},"end":{"line":160,"column":11}}},"3":{"name":"(anonymous_12)","decl":{"start":{"line":207,"column":41},"end":{"line":207,"column":42}},"loc":{"start":{"line":207,"column":52},"end":{"line":217,"column":5}}},"4":{"name":"(anonymous_13)","decl":{"start":{"line":208,"column":25},"end":{"line":208,"column":26}},"loc":{"start":{"line":208,"column":37},"end":{"line":216,"column":7}}},"5":{"name":"(anonymous_14)","decl":{"start":{"line":209,"column":37},"end":{"line":209,"column":40}},"loc":{"start":{"line":209,"column":42},"end":{"line":215,"column":9}}},"6":{"name":"(anonymous_15)","decl":{"start":{"line":220,"column":6},"end":{"line":220,"column":13}},"loc":{"start":{"line":220,"column":25},"end":{"line":310,"column":null}}},"7":{"name":"(anonymous_16)","decl":{"start":{"line":220,"column":25},"end":{"line":220,"column":null}},"loc":{"start":{"line":220,"column":25},"end":{"line":310,"column":7}}},"8":{"name":"(anonymous_17)","decl":{"start":{"line":246,"column":49},"end":{"line":246,"column":50}},"loc":{"start":{"line":246,"column":63},"end":{"line":259,"column":9}}},"9":{"name":"(anonymous_18)","decl":{"start":{"line":311,"column":6},"end":{"line":311,"column":13}},"loc":{"start":{"line":311,"column":32},"end":{"line":359,"column":null}}},"10":{"name":"(anonymous_19)","decl":{"start":{"line":311,"column":32},"end":{"line":311,"column":null}},"loc":{"start":{"line":311,"column":32},"end":{"line":359,"column":7}}},"11":{"name":"(anonymous_20)","decl":{"start":{"line":351,"column":30},"end":{"line":351,"column":31}},"loc":{"start":{"line":351,"column":46},"end":{"line":356,"column":9}}},"12":{"name":"(anonymous_21)","decl":{"start":{"line":363,"column":2},"end":{"line":363,"column":8}},"loc":{"start":{"line":363,"column":56},"end":{"line":371,"column":3}}},"13":{"name":"(anonymous_22)","decl":{"start":{"line":369,"column":11},"end":{"line":369,"column":12}},"loc":{"start":{"line":369,"column":18},"end":{"line":369,"column":76}}},"14":{"name":"(anonymous_23)","decl":{"start":{"line":373,"column":8},"end":{"line":373,"column":19}},"loc":{"start":{"line":378,"column":36},"end":{"line":423,"column":null}}}},"branchMap":{"0":{"loc":{"start":{"line":82,"column":16},"end":{"line":82,"column":20}},"type":"default-arg","locations":[{"start":{"line":82,"column":16},"end":{"line":82,"column":20}}]},"1":{"loc":{"start":{"line":83,"column":20},"end":{"line":83,"column":21}},"type":"default-arg","locations":[{"start":{"line":83,"column":20},"end":{"line":83,"column":21}}]},"2":{"loc":{"start":{"line":98,"column":16},"end":{"line":98,"column":18}},"type":"default-arg","locations":[{"start":{"line":98,"column":16},"end":{"line":98,"column":18}}]},"3":{"loc":{"start":{"line":105,"column":24},"end":{"line":105,"column":29}},"type":"default-arg","locations":[{"start":{"line":105,"column":24},"end":{"line":105,"column":29}}]},"4":{"loc":{"start":{"line":109,"column":4},"end":{"line":111,"column":null}},"type":"if","locations":[{"start":{"line":109,"column":4},"end":{"line":111,"column":null}},{"start":{"line":109,"column":4},"end":{"line":111,"column":null}}]},"5":{"loc":{"start":{"line":121,"column":50},"end":{"line":121,"column":69}},"type":"cond-expr","locations":[{"start":{"line":121,"column":50},"end":{"line":121,"column":69}},{"start":{"line":121,"column":72},"end":{"line":121,"column":89}}]},"6":{"loc":{"start":{"line":125,"column":10},"end":{"line":125,"column":30}},"type":"cond-expr","locations":[{"start":{"line":125,"column":10},"end":{"line":125,"column":30}},{"start":{"line":126,"column":10},"end":{"line":160,"column":11}}]},"7":{"loc":{"start":{"line":128,"column":14},"end":{"line":128,"column":46}},"type":"binary-expr","locations":[{"start":{"line":128,"column":14},"end":{"line":128,"column":46}},{"start":{"line":128,"column":50},"end":{"line":128,"column":83}},{"start":{"line":128,"column":87},"end":{"line":128,"column":97}}]},"8":{"loc":{"start":{"line":130,"column":14},"end":{"line":130,"column":48}},"type":"binary-expr","locations":[{"start":{"line":130,"column":14},"end":{"line":130,"column":48}},{"start":{"line":131,"column":14},"end":{"line":131,"column":49}},{"start":{"line":132,"column":14},"end":{"line":132,"column":34}},{"start":{"line":133,"column":14},"end":{"line":133,"column":15}}]},"9":{"loc":{"start":{"line":136,"column":14},"end":{"line":136,"column":49}},"type":"binary-expr","locations":[{"start":{"line":136,"column":14},"end":{"line":136,"column":49}},{"start":{"line":137,"column":14},"end":{"line":137,"column":50}},{"start":{"line":138,"column":14},"end":{"line":138,"column":27}},{"start":{"line":139,"column":14},"end":{"line":139,"column":24}}]},"10":{"loc":{"start":{"line":141,"column":28},"end":{"line":141,"column":56}},"type":"default-arg","locations":[{"start":{"line":141,"column":28},"end":{"line":141,"column":56}}]},"11":{"loc":{"start":{"line":141,"column":28},"end":{"line":141,"column":35}},"type":"binary-expr","locations":[{"start":{"line":141,"column":28},"end":{"line":141,"column":35}},{"start":{"line":141,"column":39},"end":{"line":141,"column":56}}]},"12":{"loc":{"start":{"line":142,"column":26},"end":{"line":142,"column":54}},"type":"default-arg","locations":[{"start":{"line":142,"column":26},"end":{"line":142,"column":54}}]},"13":{"loc":{"start":{"line":142,"column":26},"end":{"line":142,"column":30}},"type":"binary-expr","locations":[{"start":{"line":142,"column":26},"end":{"line":142,"column":30}},{"start":{"line":142,"column":34},"end":{"line":142,"column":54}}]},"14":{"loc":{"start":{"line":143,"column":28},"end":{"line":143,"column":35}},"type":"default-arg","locations":[{"start":{"line":143,"column":28},"end":{"line":143,"column":35}}]},"15":{"loc":{"start":{"line":154,"column":24},"end":{"line":154,"column":44}},"type":"binary-expr","locations":[{"start":{"line":154,"column":24},"end":{"line":154,"column":44}},{"start":{"line":154,"column":48},"end":{"line":154,"column":50}}]},"16":{"loc":{"start":{"line":156,"column":20},"end":{"line":156,"column":30}},"type":"binary-expr","locations":[{"start":{"line":156,"column":20},"end":{"line":156,"column":30}},{"start":{"line":156,"column":34},"end":{"line":156,"column":36}}]},"17":{"loc":{"start":{"line":175,"column":4},"end":{"line":177,"column":null}},"type":"if","locations":[{"start":{"line":175,"column":4},"end":{"line":177,"column":null}},{"start":{"line":175,"column":4},"end":{"line":177,"column":null}}]},"18":{"loc":{"start":{"line":178,"column":4},"end":{"line":180,"column":null}},"type":"if","locations":[{"start":{"line":178,"column":4},"end":{"line":180,"column":null}},{"start":{"line":178,"column":4},"end":{"line":180,"column":null}}]},"19":{"loc":{"start":{"line":181,"column":4},"end":{"line":183,"column":null}},"type":"if","locations":[{"start":{"line":181,"column":4},"end":{"line":183,"column":null}},{"start":{"line":181,"column":4},"end":{"line":183,"column":null}}]},"20":{"loc":{"start":{"line":184,"column":4},"end":{"line":203,"column":null}},"type":"if","locations":[{"start":{"line":184,"column":4},"end":{"line":203,"column":null}},{"start":{"line":184,"column":4},"end":{"line":203,"column":null}}]},"21":{"loc":{"start":{"line":192,"column":6},"end":{"line":194,"column":null}},"type":"if","locations":[{"start":{"line":192,"column":6},"end":{"line":194,"column":null}},{"start":{"line":192,"column":6},"end":{"line":194,"column":null}}]},"22":{"loc":{"start":{"line":197,"column":6},"end":{"line":201,"column":null}},"type":"if","locations":[{"start":{"line":197,"column":6},"end":{"line":201,"column":null}},{"start":{"line":197,"column":6},"end":{"line":201,"column":null}}]},"23":{"loc":{"start":{"line":210,"column":10},"end":{"line":214,"column":null}},"type":"if","locations":[{"start":{"line":210,"column":10},"end":{"line":214,"column":null}},{"start":{"line":210,"column":10},"end":{"line":214,"column":null}}]},"24":{"loc":{"start":{"line":223,"column":8},"end":{"line":225,"column":null}},"type":"if","locations":[{"start":{"line":223,"column":8},"end":{"line":225,"column":null}},{"start":{"line":223,"column":8},"end":{"line":225,"column":null}}]},"25":{"loc":{"start":{"line":226,"column":8},"end":{"line":231,"column":null}},"type":"if","locations":[{"start":{"line":226,"column":8},"end":{"line":231,"column":null}},{"start":{"line":226,"column":8},"end":{"line":231,"column":null}}]},"26":{"loc":{"start":{"line":228,"column":10},"end":{"line":230,"column":null}},"type":"if","locations":[{"start":{"line":228,"column":10},"end":{"line":230,"column":null}},{"start":{"line":228,"column":10},"end":{"line":230,"column":null}}]},"27":{"loc":{"start":{"line":241,"column":30},"end":{"line":241,"column":32}},"type":"default-arg","locations":[{"start":{"line":241,"column":30},"end":{"line":241,"column":32}}]},"28":{"loc":{"start":{"line":241,"column":43},"end":{"line":241,"column":45}},"type":"default-arg","locations":[{"start":{"line":241,"column":43},"end":{"line":241,"column":45}}]},"29":{"loc":{"start":{"line":242,"column":21},"end":{"line":242,"column":23}},"type":"default-arg","locations":[{"start":{"line":242,"column":21},"end":{"line":242,"column":23}}]},"30":{"loc":{"start":{"line":249,"column":12},"end":{"line":249,"column":51}},"type":"binary-expr","locations":[{"start":{"line":249,"column":12},"end":{"line":249,"column":51}},{"start":{"line":250,"column":12},"end":{"line":250,"column":53}},{"start":{"line":251,"column":12},"end":{"line":251,"column":56}}]},"31":{"loc":{"start":{"line":252,"column":10},"end":{"line":258,"column":null}},"type":"if","locations":[{"start":{"line":252,"column":10},"end":{"line":258,"column":null}},{"start":{"line":252,"column":10},"end":{"line":258,"column":null}}]},"32":{"loc":{"start":{"line":263,"column":16},"end":{"line":263,"column":44}},"type":"cond-expr","locations":[{"start":{"line":263,"column":16},"end":{"line":263,"column":44}},{"start":{"line":264,"column":16},"end":{"line":264,"column":32}}]},"33":{"loc":{"start":{"line":262,"column":12},"end":{"line":262,"column":48}},"type":"binary-expr","locations":[{"start":{"line":262,"column":12},"end":{"line":262,"column":48}},{"start":{"line":262,"column":52},"end":{"line":262,"column":68}}]},"34":{"loc":{"start":{"line":314,"column":8},"end":{"line":317,"column":null}},"type":"if","locations":[{"start":{"line":314,"column":8},"end":{"line":317,"column":null}},{"start":{"line":314,"column":8},"end":{"line":317,"column":null}}]},"35":{"loc":{"start":{"line":318,"column":8},"end":{"line":323,"column":null}},"type":"if","locations":[{"start":{"line":318,"column":8},"end":{"line":323,"column":null}},{"start":{"line":318,"column":8},"end":{"line":323,"column":null}}]},"36":{"loc":{"start":{"line":320,"column":10},"end":{"line":322,"column":null}},"type":"if","locations":[{"start":{"line":320,"column":10},"end":{"line":322,"column":null}},{"start":{"line":320,"column":10},"end":{"line":322,"column":null}}]},"37":{"loc":{"start":{"line":333,"column":30},"end":{"line":333,"column":32}},"type":"default-arg","locations":[{"start":{"line":333,"column":30},"end":{"line":333,"column":32}}]},"38":{"loc":{"start":{"line":333,"column":43},"end":{"line":333,"column":45}},"type":"default-arg","locations":[{"start":{"line":333,"column":43},"end":{"line":333,"column":45}}]},"39":{"loc":{"start":{"line":333,"column":54},"end":{"line":333,"column":56}},"type":"default-arg","locations":[{"start":{"line":333,"column":54},"end":{"line":333,"column":56}}]},"40":{"loc":{"start":{"line":344,"column":32},"end":{"line":344,"column":49}},"type":"cond-expr","locations":[{"start":{"line":344,"column":32},"end":{"line":344,"column":49}},{"start":{"line":344,"column":52},"end":{"line":344,"column":84}}]},"41":{"loc":{"start":{"line":353,"column":10},"end":{"line":355,"column":null}},"type":"if","locations":[{"start":{"line":353,"column":10},"end":{"line":355,"column":null}},{"start":{"line":353,"column":10},"end":{"line":355,"column":null}}]},"42":{"loc":{"start":{"line":365,"column":4},"end":{"line":367,"column":null}},"type":"if","locations":[{"start":{"line":365,"column":4},"end":{"line":367,"column":null}},{"start":{"line":365,"column":4},"end":{"line":367,"column":null}}]},"43":{"loc":{"start":{"line":382,"column":48},"end":{"line":382,"column":66}},"type":"cond-expr","locations":[{"start":{"line":382,"column":48},"end":{"line":382,"column":66}},{"start":{"line":382,"column":69},"end":{"line":382,"column":85}}]},"44":{"loc":{"start":{"line":382,"column":19},"end":{"line":382,"column":21}},"type":"cond-expr","locations":[{"start":{"line":382,"column":19},"end":{"line":382,"column":21}},{"start":{"line":382,"column":13},"end":{"line":382,"column":32}}]},"45":{"loc":{"start":{"line":382,"column":13},"end":{"line":382,"column":21}},"type":"binary-expr","locations":[{"start":{"line":382,"column":13},"end":{"line":382,"column":21}},{"start":{"line":382,"column":13},"end":{"line":382,"column":21}}]},"46":{"loc":{"start":{"line":389,"column":6},"end":{"line":396,"column":null}},"type":"if","locations":[{"start":{"line":389,"column":6},"end":{"line":396,"column":null}},{"start":{"line":389,"column":6},"end":{"line":396,"column":null}}]},"47":{"loc":{"start":{"line":389,"column":10},"end":{"line":389,"column":26}},"type":"binary-expr","locations":[{"start":{"line":389,"column":10},"end":{"line":389,"column":26}},{"start":{"line":389,"column":30},"end":{"line":389,"column":35}},{"start":{"line":389,"column":39},"end":{"line":389,"column":50}}]},"48":{"loc":{"start":{"line":390,"column":45},"end":{"line":390,"column":71}},"type":"cond-expr","locations":[{"start":{"line":390,"column":45},"end":{"line":390,"column":71}},{"start":{"line":390,"column":74},"end":{"line":390,"column":76}}]},"49":{"loc":{"start":{"line":393,"column":8},"end":{"line":395,"column":null}},"type":"if","locations":[{"start":{"line":393,"column":8},"end":{"line":395,"column":null}},{"start":{"line":393,"column":8},"end":{"line":395,"column":null}}]},"50":{"loc":{"start":{"line":397,"column":48},"end":{"line":397,"column":55}},"type":"binary-expr","locations":[{"start":{"line":397,"column":48},"end":{"line":397,"column":55}},{"start":{"line":397,"column":59},"end":{"line":397,"column":61}}]},"51":{"loc":{"start":{"line":403,"column":6},"end":{"line":405,"column":null}},"type":"if","locations":[{"start":{"line":403,"column":6},"end":{"line":405,"column":null}},{"start":{"line":403,"column":6},"end":{"line":405,"column":null}}]},"52":{"loc":{"start":{"line":406,"column":6},"end":{"line":410,"column":null}},"type":"if","locations":[{"start":{"line":406,"column":6},"end":{"line":410,"column":null}},{"start":{"line":406,"column":6},"end":{"line":410,"column":null}}]},"53":{"loc":{"start":{"line":414,"column":6},"end":{"line":418,"column":null}},"type":"if","locations":[{"start":{"line":414,"column":6},"end":{"line":418,"column":null}},{"start":{"line":414,"column":6},"end":{"line":418,"column":null}}]},"54":{"loc":{"start":{"line":414,"column":10},"end":{"line":414,"column":26}},"type":"binary-expr","locations":[{"start":{"line":414,"column":10},"end":{"line":414,"column":26}},{"start":{"line":414,"column":30},"end":{"line":414,"column":35}},{"start":{"line":414,"column":39},"end":{"line":414,"column":50}},{"start":{"line":414,"column":54},"end":{"line":414,"column":82}}]}},"s":{"0":1,"1":1,"2":1,"3":1,"4":1,"5":1,"6":1,"7":1,"8":1,"9":1,"10":1,"11":1,"12":1,"13":1,"14":1,"15":1,"16":1,"17":1,"18":0,"19":0,"20":0,"21":0,"22":0,"23":0,"24":1,"25":1,"26":0,"27":1,"28":0,"29":1,"30":0,"31":1,"32":0,"33":0,"34":0,"35":0,"36":0,"37":0,"38":0,"39":0,"40":0,"41":0,"42":1,"43":1,"44":1,"45":1,"46":1,"47":1,"48":1,"49":1,"50":1,"51":1,"52":1,"53":1,"54":1,"55":0,"56":0,"57":0,"58":0,"59":0,"60":0,"61":0,"62":0,"63":0,"64":0,"65":0,"66":0,"67":0,"68":0,"69":0,"70":0,"71":0,"72":0,"73":0,"74":0,"75":0,"76":0,"77":0,"78":0,"79":0,"80":0,"81":0,"82":0,"83":0,"84":0,"85":0,"86":0,"87":0,"88":0,"89":0,"90":0,"91":0,"92":0,"93":1,"94":1,"95":1,"96":1,"97":1,"98":0,"99":0,"100":0,"101":0,"102":1,"103":1,"104":1,"105":1,"106":1,"107":0,"108":1,"109":1,"110":0,"111":1,"112":1,"113":1,"114":0,"115":1,"116":0,"117":1},"f":{"0":1,"1":1,"2":0,"3":1,"4":1,"5":1,"6":1,"7":1,"8":0,"9":0,"10":0,"11":0,"12":0,"13":0,"14":1},"b":{"0":[1],"1":[1],"2":[1],"3":[1],"4":[1,0],"5":[0,1],"6":[0,1],"7":[0,0,0],"8":[0,0,0,0],"9":[0,0,0,0],"10":[0],"11":[0,0],"12":[0],"13":[0,0],"14":[0],"15":[0,0],"16":[0,0],"17":[0,1],"18":[0,1],"19":[0,1],"20":[0,1],"21":[0,0],"22":[0,0],"23":[1,0],"24":[1,0],"25":[0,0],"26":[0,0],"27":[0],"28":[0],"29":[0],"30":[0,0,0],"31":[0,0],"32":[0,0],"33":[0,0],"34":[0,0],"35":[0,0],"36":[0,0],"37":[0],"38":[0],"39":[0],"40":[0,0],"41":[0,0],"42":[0,0],"43":[0,1],"44":[1,0],"45":[1,1],"46":[0,1],"47":[1,1,0],"48":[0,0],"49":[0,0],"50":[1,1],"51":[0,1],"52":[1,0],"53":[0,1],"54":[1,1,0,0]}}
}
