TN:
SF:src/index.ts
FN:80,(anonymous_9)
FN:121,(anonymous_10)
FN:126,(anonymous_11)
FN:207,(anonymous_12)
FN:208,(anonymous_13)
FN:209,(anonymous_14)
FN:220,(anonymous_15)
FN:220,(anonymous_16)
FN:246,(anonymous_17)
FN:311,(anonymous_18)
FN:311,(anonymous_19)
FN:351,(anonymous_20)
FN:363,(anonymous_21)
FN:369,(anonymous_22)
FN:373,(anonymous_23)
FNF:15
FNH:8
FNDA:1,(anonymous_9)
FNDA:1,(anonymous_10)
FNDA:0,(anonymous_11)
FNDA:1,(anonymous_12)
FNDA:1,(anonymous_13)
FNDA:1,(anonymous_14)
FNDA:1,(anonymous_15)
FNDA:1,(anonymous_16)
FNDA:0,(anonymous_17)
FNDA:0,(anonymous_18)
FNDA:0,(anonymous_19)
FNDA:0,(anonymous_20)
FNDA:0,(anonymous_21)
FNDA:0,(anonymous_22)
FNDA:1,(anonymous_23)
DA:2,1
DA:13,1
DA:14,1
DA:22,1
DA:60,1
DA:69,1
DA:77,1
DA:102,1
DA:106,1
DA:108,1
DA:109,1
DA:110,1
DA:113,1
DA:114,1
DA:116,1
DA:118,1
DA:120,1
DA:121,1
DA:123,1
DA:128,0
DA:130,0
DA:134,0
DA:136,0
DA:144,0
DA:146,0
DA:162,1
DA:175,1
DA:176,0
DA:178,1
DA:179,0
DA:181,1
DA:182,0
DA:184,1
DA:185,0
DA:186,0
DA:191,0
DA:192,0
DA:193,0
DA:196,0
DA:197,0
DA:198,0
DA:200,0
DA:202,0
DA:205,1
DA:207,1
DA:208,1
DA:209,1
DA:210,1
DA:211,1
DA:212,1
DA:213,1
DA:219,1
DA:220,1
DA:221,1
DA:223,1
DA:224,1
DA:226,0
DA:227,0
DA:228,0
DA:229,0
DA:233,0
DA:241,0
DA:242,0
DA:244,0
DA:246,0
DA:249,0
DA:252,0
DA:254,0
DA:257,0
DA:260,0
DA:261,0
DA:269,0
DA:307,0
DA:309,0
DA:311,0
DA:312,0
DA:314,0
DA:316,0
DA:318,0
DA:319,0
DA:320,0
DA:321,0
DA:325,0
DA:333,0
DA:334,0
DA:349,0
DA:351,0
DA:353,0
DA:354,0
DA:358,0
DA:365,0
DA:366,0
DA:368,0
DA:369,0
DA:380,1
DA:382,1
DA:385,1
DA:386,1
DA:389,1
DA:390,0
DA:392,0
DA:393,0
DA:394,0
DA:397,1
DA:398,1
DA:403,1
DA:404,0
DA:406,1
DA:407,1
DA:409,0
DA:411,1
DA:412,1
DA:414,1
DA:417,0
DA:419,1
DA:421,0
LF:116
LH:51
BRDA:82,0,0,1
BRDA:83,1,0,1
BRDA:98,2,0,1
BRDA:105,3,0,1
BRDA:109,4,0,1
BRDA:109,4,1,0
BRDA:121,5,0,0
BRDA:121,5,1,1
BRDA:125,6,0,0
BRDA:125,6,1,1
BRDA:128,7,0,0
BRDA:128,7,1,0
BRDA:128,7,2,0
BRDA:130,8,0,0
BRDA:130,8,1,0
BRDA:130,8,2,0
BRDA:130,8,3,0
BRDA:136,9,0,0
BRDA:136,9,1,0
BRDA:136,9,2,0
BRDA:136,9,3,0
BRDA:141,10,0,0
BRDA:141,11,0,0
BRDA:141,11,1,0
BRDA:142,12,0,0
BRDA:142,13,0,0
BRDA:142,13,1,0
BRDA:143,14,0,0
BRDA:154,15,0,0
BRDA:154,15,1,0
BRDA:156,16,0,0
BRDA:156,16,1,0
BRDA:175,17,0,0
BRDA:175,17,1,1
BRDA:178,18,0,0
BRDA:178,18,1,1
BRDA:181,19,0,0
BRDA:181,19,1,1
BRDA:184,20,0,0
BRDA:184,20,1,1
BRDA:192,21,0,0
BRDA:192,21,1,0
BRDA:197,22,0,0
BRDA:197,22,1,0
BRDA:210,23,0,1
BRDA:210,23,1,0
BRDA:223,24,0,1
BRDA:223,24,1,0
BRDA:226,25,0,0
BRDA:226,25,1,0
BRDA:228,26,0,0
BRDA:228,26,1,0
BRDA:241,27,0,0
BRDA:241,28,0,0
BRDA:242,29,0,0
BRDA:249,30,0,0
BRDA:249,30,1,0
BRDA:249,30,2,0
BRDA:252,31,0,0
BRDA:252,31,1,0
BRDA:263,32,0,0
BRDA:263,32,1,0
BRDA:262,33,0,0
BRDA:262,33,1,0
BRDA:314,34,0,0
BRDA:314,34,1,0
BRDA:318,35,0,0
BRDA:318,35,1,0
BRDA:320,36,0,0
BRDA:320,36,1,0
BRDA:333,37,0,0
BRDA:333,38,0,0
BRDA:333,39,0,0
BRDA:344,40,0,0
BRDA:344,40,1,0
BRDA:353,41,0,0
BRDA:353,41,1,0
BRDA:365,42,0,0
BRDA:365,42,1,0
BRDA:382,43,0,0
BRDA:382,43,1,1
BRDA:382,44,0,1
BRDA:382,44,1,0
BRDA:382,45,0,1
BRDA:382,45,1,1
BRDA:389,46,0,0
BRDA:389,46,1,1
BRDA:389,47,0,1
BRDA:389,47,1,1
BRDA:389,47,2,0
BRDA:390,48,0,0
BRDA:390,48,1,0
BRDA:393,49,0,0
BRDA:393,49,1,0
BRDA:397,50,0,1
BRDA:397,50,1,1
BRDA:403,51,0,0
BRDA:403,51,1,1
BRDA:406,52,0,1
BRDA:406,52,1,0
BRDA:414,53,0,0
BRDA:414,53,1,1
BRDA:414,54,0,1
BRDA:414,54,1,1
BRDA:414,54,2,0
BRDA:414,54,3,0
BRF:106
BRH:27
end_of_record
